2020-07-06 13:29:22.2352||DEBUG|QtechCoreAPI.Program|init main 
2020-07-06 13:29:23.4519||INFO|Microsoft.Hosting.Lifetime|Now listening on: http://[::]:8080 
2020-07-06 13:29:23.4573||INFO|Microsoft.Hosting.Lifetime|Application started. Press Ctrl+C to shut down. 
2020-07-06 13:29:23.4573||INFO|Microsoft.Hosting.Lifetime|Hosting environment: Production 
2020-07-06 13:29:23.4573||INFO|Microsoft.Hosting.Lifetime|Content root path: D:\WorkShop\MiddleWare\QtechCoreAPI\bin\Debug\netcoreapp3.1 
2020-07-06 13:31:18.1224||DEBUG|QtechCoreAPI.Program|init main 
2020-07-06 13:31:19.0558||INFO|Microsoft.Hosting.Lifetime|Now listening on: http://[::]:8080 
2020-07-06 13:31:19.0558||INFO|Microsoft.Hosting.Lifetime|Application started. Press Ctrl+C to shut down. 
2020-07-06 13:31:19.0558||INFO|Microsoft.Hosting.Lifetime|Hosting environment: Production 
2020-07-06 13:31:19.0558||INFO|Microsoft.Hosting.Lifetime|Content root path: D:\WorkShop\MiddleWare\QtechCoreAPI\bin\Debug\netcoreapp3.1 
2020-07-06 13:37:04.6326||DEBUG|QtechCoreAPI.Program|init main 
2020-07-06 13:37:07.9455||INFO|Microsoft.Hosting.Lifetime|Now listening on: http://[::]:8080 
2020-07-06 13:37:07.9455||INFO|Microsoft.Hosting.Lifetime|Application started. Press Ctrl+C to shut down. 
2020-07-06 13:37:07.9455||INFO|Microsoft.Hosting.Lifetime|Hosting environment: Development 
2020-07-06 13:37:07.9455||INFO|Microsoft.Hosting.Lifetime|Content root path: D:\WorkShop\MiddleWare\QtechCoreAPI\bin\Debug\netcoreapp3.1 
2020-07-06 13:38:36.7887||DEBUG|QtechCoreAPI.Program|init main 
2020-07-06 13:38:37.8874||INFO|Microsoft.Hosting.Lifetime|Now listening on: http://[::]:8080 
2020-07-06 13:38:37.8874||INFO|Microsoft.Hosting.Lifetime|Application started. Press Ctrl+C to shut down. 
2020-07-06 13:38:37.8874||INFO|Microsoft.Hosting.Lifetime|Hosting environment: Production 
2020-07-06 13:38:37.8874||INFO|Microsoft.Hosting.Lifetime|Content root path: D:\WorkShop\MiddleWare\QtechCoreAPI\bin\Debug\netcoreapp3.1 
2020-07-06 13:38:49.2089||DEBUG|QtechCoreAPI.Program|init main 
2020-07-06 13:38:50.1764||INFO|Microsoft.Hosting.Lifetime|Now listening on: http://[::]:8080 
2020-07-06 13:38:50.1764||INFO|Microsoft.Hosting.Lifetime|Application started. Press Ctrl+C to shut down. 
2020-07-06 13:38:50.1764||INFO|Microsoft.Hosting.Lifetime|Hosting environment: Production 
2020-07-06 13:38:50.1764||INFO|Microsoft.Hosting.Lifetime|Content root path: D:\WorkShop\MiddleWare\QtechCoreAPI\bin\Debug\netcoreapp3.1 
2020-07-06 13:40:51.4863||DEBUG|QtechCoreAPI.Program|init main 
2020-07-06 13:40:52.4683||INFO|Microsoft.Hosting.Lifetime|Now listening on: http://[::]:8080 
2020-07-06 13:40:52.4732||INFO|Microsoft.Hosting.Lifetime|Application started. Press Ctrl+C to shut down. 
2020-07-06 13:40:52.4732||INFO|Microsoft.Hosting.Lifetime|Hosting environment: Development 
2020-07-06 13:40:52.4732||INFO|Microsoft.Hosting.Lifetime|Content root path: D:\WorkShop\MiddleWare\QtechCoreAPI\bin\Debug\netcoreapp3.1 
2020-07-06 13:48:29.0891||DEBUG|QtechCoreAPI.Program|init main 
2020-07-06 13:48:30.2101||INFO|Microsoft.Hosting.Lifetime|Now listening on: http://[::]:8080 
2020-07-06 13:48:30.2101||INFO|Microsoft.Hosting.Lifetime|Application started. Press Ctrl+C to shut down. 
2020-07-06 13:48:30.2101||INFO|Microsoft.Hosting.Lifetime|Hosting environment: Production 
2020-07-06 13:48:30.2101||INFO|Microsoft.Hosting.Lifetime|Content root path: D:\WorkShop\MiddleWare\QtechCoreAPI\bin\Debug\netcoreapp3.1 
2020-07-06 13:49:20.7980||DEBUG|QtechCoreAPI.Program|init main 
2020-07-06 13:49:21.9443||FATAL|Microsoft.AspNetCore.Server.Kestrel|Unable to start Kestrel. System.IO.IOException: Failed to bind to address http://[::]:8080: address already in use.
 ---> Microsoft.AspNetCore.Connections.AddressInUseException: 通常每个套接字地址(协议/网络地址/端口)只允许使用一次。
 ---> System.Net.Sockets.SocketException (10048): 通常每个套接字地址(协议/网络地址/端口)只允许使用一次。
   at System.Net.Sockets.Socket.UpdateStatusAfterSocketErrorAndThrowException(SocketError error, String callerName)
   at System.Net.Sockets.Socket.DoBind(EndPoint endPointSnapshot, SocketAddress socketAddress)
   at System.Net.Sockets.Socket.Bind(EndPoint localEP)
   at Microsoft.AspNetCore.Server.Kestrel.Transport.Sockets.SocketConnectionListener.Bind()
   --- End of inner exception stack trace ---
   at Microsoft.AspNetCore.Server.Kestrel.Transport.Sockets.SocketConnectionListener.Bind()
   at Microsoft.AspNetCore.Server.Kestrel.Transport.Sockets.SocketTransportFactory.BindAsync(EndPoint endpoint, CancellationToken cancellationToken)
   at Microsoft.AspNetCore.Server.Kestrel.Core.KestrelServer.<>c__DisplayClass21_0`1.<<StartAsync>g__OnBind|0>d.MoveNext()
--- End of stack trace from previous location where exception was thrown ---
   at Microsoft.AspNetCore.Server.Kestrel.Core.Internal.AddressBinder.BindEndpointAsync(ListenOptions endpoint, AddressBindContext context)
   --- End of inner exception stack trace ---
   at Microsoft.AspNetCore.Server.Kestrel.Core.Internal.AddressBinder.BindEndpointAsync(ListenOptions endpoint, AddressBindContext context)
   at Microsoft.AspNetCore.Server.Kestrel.Core.ListenOptions.BindAsync(AddressBindContext context)
   at Microsoft.AspNetCore.Server.Kestrel.Core.AnyIPListenOptions.BindAsync(AddressBindContext context)
   at Microsoft.AspNetCore.Server.Kestrel.Core.Internal.AddressBinder.AddressesStrategy.BindAsync(AddressBindContext context)
   at Microsoft.AspNetCore.Server.Kestrel.Core.Internal.AddressBinder.BindAsync(IServerAddressesFeature addresses, KestrelServerOptions serverOptions, ILogger logger, Func`2 createBinding)
   at Microsoft.AspNetCore.Server.Kestrel.Core.KestrelServer.StartAsync[TContext](IHttpApplication`1 application, CancellationToken cancellationToken)
2020-07-06 13:49:22.0408||ERROR|QtechCoreAPI.Program|Stopped program because of exception System.IO.IOException: Failed to bind to address http://[::]:8080: address already in use.
 ---> Microsoft.AspNetCore.Connections.AddressInUseException: 通常每个套接字地址(协议/网络地址/端口)只允许使用一次。
 ---> System.Net.Sockets.SocketException (10048): 通常每个套接字地址(协议/网络地址/端口)只允许使用一次。
   at System.Net.Sockets.Socket.UpdateStatusAfterSocketErrorAndThrowException(SocketError error, String callerName)
   at System.Net.Sockets.Socket.DoBind(EndPoint endPointSnapshot, SocketAddress socketAddress)
   at System.Net.Sockets.Socket.Bind(EndPoint localEP)
   at Microsoft.AspNetCore.Server.Kestrel.Transport.Sockets.SocketConnectionListener.Bind()
   --- End of inner exception stack trace ---
   at Microsoft.AspNetCore.Server.Kestrel.Transport.Sockets.SocketConnectionListener.Bind()
   at Microsoft.AspNetCore.Server.Kestrel.Transport.Sockets.SocketTransportFactory.BindAsync(EndPoint endpoint, CancellationToken cancellationToken)
   at Microsoft.AspNetCore.Server.Kestrel.Core.KestrelServer.<>c__DisplayClass21_0`1.<<StartAsync>g__OnBind|0>d.MoveNext()
--- End of stack trace from previous location where exception was thrown ---
   at Microsoft.AspNetCore.Server.Kestrel.Core.Internal.AddressBinder.BindEndpointAsync(ListenOptions endpoint, AddressBindContext context)
   --- End of inner exception stack trace ---
   at Microsoft.AspNetCore.Server.Kestrel.Core.Internal.AddressBinder.BindEndpointAsync(ListenOptions endpoint, AddressBindContext context)
   at Microsoft.AspNetCore.Server.Kestrel.Core.ListenOptions.BindAsync(AddressBindContext context)
   at Microsoft.AspNetCore.Server.Kestrel.Core.AnyIPListenOptions.BindAsync(AddressBindContext context)
   at Microsoft.AspNetCore.Server.Kestrel.Core.Internal.AddressBinder.AddressesStrategy.BindAsync(AddressBindContext context)
   at Microsoft.AspNetCore.Server.Kestrel.Core.Internal.AddressBinder.BindAsync(IServerAddressesFeature addresses, KestrelServerOptions serverOptions, ILogger logger, Func`2 createBinding)
   at Microsoft.AspNetCore.Server.Kestrel.Core.KestrelServer.StartAsync[TContext](IHttpApplication`1 application, CancellationToken cancellationToken)
   at Microsoft.AspNetCore.Hosting.GenericWebHostService.StartAsync(CancellationToken cancellationToken)
   at Microsoft.Extensions.Hosting.Internal.Host.StartAsync(CancellationToken cancellationToken)
   at Microsoft.Extensions.Hosting.HostingAbstractionsHostExtensions.RunAsync(IHost host, CancellationToken token)
   at Microsoft.Extensions.Hosting.HostingAbstractionsHostExtensions.RunAsync(IHost host, CancellationToken token)
   at Microsoft.Extensions.Hosting.HostingAbstractionsHostExtensions.Run(IHost host)
   at QtechCoreAPI.Program.Main(String[] args) in D:\WorkShop\MiddleWare\QtechCoreAPI\Program.cs:line 21
2020-07-06 13:50:26.5000||DEBUG|QtechCoreAPI.Program|init main 
2020-07-06 13:50:27.6061||FATAL|Microsoft.AspNetCore.Server.Kestrel|Unable to start Kestrel. System.IO.IOException: Failed to bind to address http://[::]:8080: address already in use.
 ---> Microsoft.AspNetCore.Connections.AddressInUseException: 通常每个套接字地址(协议/网络地址/端口)只允许使用一次。
 ---> System.Net.Sockets.SocketException (10048): 通常每个套接字地址(协议/网络地址/端口)只允许使用一次。
   at System.Net.Sockets.Socket.UpdateStatusAfterSocketErrorAndThrowException(SocketError error, String callerName)
   at System.Net.Sockets.Socket.DoBind(EndPoint endPointSnapshot, SocketAddress socketAddress)
   at System.Net.Sockets.Socket.Bind(EndPoint localEP)
   at Microsoft.AspNetCore.Server.Kestrel.Transport.Sockets.SocketConnectionListener.Bind()
   --- End of inner exception stack trace ---
   at Microsoft.AspNetCore.Server.Kestrel.Transport.Sockets.SocketConnectionListener.Bind()
   at Microsoft.AspNetCore.Server.Kestrel.Transport.Sockets.SocketTransportFactory.BindAsync(EndPoint endpoint, CancellationToken cancellationToken)
   at Microsoft.AspNetCore.Server.Kestrel.Core.KestrelServer.<>c__DisplayClass21_0`1.<<StartAsync>g__OnBind|0>d.MoveNext()
--- End of stack trace from previous location where exception was thrown ---
   at Microsoft.AspNetCore.Server.Kestrel.Core.Internal.AddressBinder.BindEndpointAsync(ListenOptions endpoint, AddressBindContext context)
   --- End of inner exception stack trace ---
   at Microsoft.AspNetCore.Server.Kestrel.Core.Internal.AddressBinder.BindEndpointAsync(ListenOptions endpoint, AddressBindContext context)
   at Microsoft.AspNetCore.Server.Kestrel.Core.ListenOptions.BindAsync(AddressBindContext context)
   at Microsoft.AspNetCore.Server.Kestrel.Core.AnyIPListenOptions.BindAsync(AddressBindContext context)
   at Microsoft.AspNetCore.Server.Kestrel.Core.Internal.AddressBinder.AddressesStrategy.BindAsync(AddressBindContext context)
   at Microsoft.AspNetCore.Server.Kestrel.Core.Internal.AddressBinder.BindAsync(IServerAddressesFeature addresses, KestrelServerOptions serverOptions, ILogger logger, Func`2 createBinding)
   at Microsoft.AspNetCore.Server.Kestrel.Core.KestrelServer.StartAsync[TContext](IHttpApplication`1 application, CancellationToken cancellationToken)
   at Microsoft.AspNetCore.Hosting.GenericWebHostService.StartAsync(CancellationToken cancellationToken)
   at Microsoft.Extensions.Hosting.Internal.Host.StartAsync(CancellationToken cancellationToken)
   at Microsoft.Extensions.Hosting.HostingAbstractionsHostExtensions.RunAsync(IHost host, CancellationToken token)
2020-07-06 13:51:05.3737||DEBUG|QtechCoreAPI.Program|init main 
2020-07-06 13:51:06.4078||INFO|Microsoft.Hosting.Lifetime|Now listening on: http://[::]:8080 
2020-07-06 13:51:06.4125||INFO|Microsoft.Hosting.Lifetime|Application started. Press Ctrl+C to shut down. 
2020-07-06 13:51:06.4125||INFO|Microsoft.Hosting.Lifetime|Hosting environment: Development 
2020-07-06 13:51:06.4125||INFO|Microsoft.Hosting.Lifetime|Content root path: D:\WorkShop\MiddleWare\QtechCoreAPI\bin\Debug\netcoreapp3.1 
